<?xml version="1.0" encoding="UTF-8"?>
<!-- Generated by org.testng.reporters.JUnitReportReporter -->
<testsuite hostname="Shalini" failures="0" tests="12" name="api.test.DDTest" time="16.698" errors="0" timestamp="2024-11-03T00:58:16 IST" skipped="0">
  <testcase classname="api.test.DDTest" name="testPostUser" time="1.265"/>
  <testcase classname="api.test.DDTest" name="testPostUser" time="1.229"/>
  <testcase classname="api.test.DDTest" name="testPostUser" time="2.527"/>
  <testcase classname="api.test.DDTest" name="testPostUser" time="1.280"/>
  <testcase classname="api.test.DDTest" name="testPostUser" time="1.314"/>
  <testcase classname="api.test.DDTest" name="testPostUser" time="1.292"/>
  <testcase classname="api.test.DDTest" name="testUserDeleteByname" time="1.263"/>
  <testcase classname="api.test.DDTest" name="testUserDeleteByname" time="1.292"/>
  <testcase classname="api.test.DDTest" name="testUserDeleteByname" time="1.285"/>
  <testcase classname="api.test.DDTest" name="testUserDeleteByname" time="1.303"/>
  <testcase classname="api.test.DDTest" name="testUserDeleteByname" time="1.295"/>
  <testcase classname="api.test.DDTest" name="testUserDeleteByname" time="1.353"/>
</testsuite> <!-- api.test.DDTest -->
