<?xml version="1.0" encoding="UTF-8"?>
<!-- Generated by org.testng.reporters.JUnitReportReporter -->
<testsuite hostname="Shalini" failures="0" tests="3" name="api.test.userTest" time="7.692" errors="0" timestamp="2024-11-06T10:52:29 IST" skipped="0">
  <testcase classname="api.test.userTest" name="TestpostUser" time="3.083"/>
  <testcase classname="api.test.userTest" name="getUserByName" time="1.542"/>
  <testcase classname="api.test.userTest" name="testUpdateUserByName" time="3.067"/>
</testsuite> <!-- api.test.userTest -->
