<?xml version="1.0" encoding="UTF-8"?>
<!-- Generated by org.testng.reporters.JUnitReportReporter -->
<testsuite hostname="Shalini" failures="0" tests="3" name="api.test.userTest2" time="8.279" errors="0" timestamp="2024-11-06T10:57:00 IST" skipped="0">
  <testcase classname="api.test.userTest2" name="TestpostUser" time="3.556"/>
  <testcase classname="api.test.userTest2" name="getUserByName" time="1.552"/>
  <testcase classname="api.test.userTest2" name="testUpdateUserByName" time="3.171"/>
</testsuite> <!-- api.test.userTest2 -->
