<?xml version="1.0" encoding="UTF-8"?>
<!-- Generated by org.testng.reporters.JUnitReportReporter -->
<testsuite hostname="Shalini" failures="0" tests="3" name="api.test.userTest2" time="6.458" errors="0" timestamp="2024-11-06T19:06:24 IST" skipped="0">
  <testcase classname="api.test.userTest2" name="TestpostUser" time="2.468"/>
  <testcase classname="api.test.userTest2" name="getUserByName" time="1.352"/>
  <testcase classname="api.test.userTest2" name="testUpdateUserByName" time="2.638"/>
</testsuite> <!-- api.test.userTest2 -->
