<?xml version="1.0" encoding="UTF-8"?>
<!-- Generated by org.testng.reporters.JUnitReportReporter -->
<testsuite hostname="Shalini" failures="0" tests="3" name="api.test.userTest" time="9.237" errors="0" timestamp="2024-11-06T11:10:00 IST" skipped="0">
  <testcase classname="api.test.userTest" name="TestpostUser" time="3.589"/>
  <testcase classname="api.test.userTest" name="getUserByName" time="1.554"/>
  <testcase classname="api.test.userTest" name="testUpdateUserByName" time="4.094"/>
</testsuite> <!-- api.test.userTest -->
